<?xml version="1.0" encoding="UTF-8"?>
<testng-results ignored="1" total="2" passed="1" failed="0" skipped="0">
  <reporter-output>
  </reporter-output>
  <suite started-at="2026-05-03T19:27:33 IST" name="Default suite" finished-at="2026-05-03T19:27:53 IST" duration-ms="19757">
    <groups>
    </groups>
    <test started-at="2026-05-03T19:27:33 IST" name="Default test" finished-at="2026-05-03T19:27:53 IST" duration-ms="19757">
      <class name="tests.LoginTest">
        <test-method is-config="true" signature="setupReport()[pri:0, instance:tests.LoginTest@16ec5519]" started-at="2026-05-03T19:27:33 IST" name="setupReport" finished-at="2026-05-03T19:27:33 IST" duration-ms="178" status="PASS">
          <reporter-output>
          </reporter-output>
        </test-method> <!-- setupReport -->
        <test-method is-config="true" signature="setup()[pri:0, instance:tests.LoginTest@16ec5519]" started-at="2026-05-03T19:27:33 IST" name="setup" finished-at="2026-05-03T19:27:40 IST" duration-ms="6758" status="PASS">
          <reporter-output>
          </reporter-output>
        </test-method> <!-- setup -->
        <test-method signature="testValidLogin()[pri:0, instance:tests.LoginTest@16ec5519]" started-at="2026-05-03T19:27:40 IST" name="testValidLogin" finished-at="2026-05-03T19:27:53 IST" duration-ms="12762" status="PASS">
          <reporter-output>
          </reporter-output>
        </test-method> <!-- testValidLogin -->
        <test-method is-config="true" signature="tearDown(org.testng.ITestResult)[pri:0, instance:tests.LoginTest@16ec5519]" started-at="2026-05-03T19:27:53 IST" name="tearDown" finished-at="2026-05-03T19:27:53 IST" duration-ms="214" status="PASS">
          <params>
            <param index="0">
              <value>
                <![CDATA[[TestResult name=testValidLogin status=SUCCESS method=LoginTest.testValidLogin()[pri:0, instance:tests.LoginTest@16ec5519] output={null}]]]>
              </value>
            </param>
          </params>
          <reporter-output>
          </reporter-output>
        </test-method> <!-- tearDown -->
        <test-method is-config="true" signature="tearDownReport()[pri:0, instance:tests.LoginTest@16ec5519]" started-at="2026-05-03T19:27:53 IST" name="tearDownReport" finished-at="2026-05-03T19:27:54 IST" duration-ms="331" status="PASS">
          <reporter-output>
          </reporter-output>
        </test-method> <!-- tearDownReport -->
      </class> <!-- tests.LoginTest -->
    </test> <!-- Default test -->
  </suite> <!-- Default suite -->
</testng-results>
